0 verbose cli C:\Program Files\nodejs\node.exe C:\Program Files\nodejs\node_modules\npm\bin\npm-cli.js
1 info using npm@10.2.3
2 info using node@v20.10.0
3 timing npm:load:whichnode Completed in 3ms
4 timing config:load:defaults Completed in 3ms
5 timing config:load:file:C:\Program Files\nodejs\node_modules\npm\npmrc Completed in 4ms
6 timing config:load:builtin Completed in 4ms
7 timing config:load:cli Completed in 2ms
8 timing config:load:env Completed in 0ms
9 timing config:load:file:C:\Users\Ranto Liantsoa\Documents\GitHub\Back_office\Vehicule_back_office\.npmrc Completed in 0ms
10 timing config:load:project Completed in 3ms
11 timing config:load:file:C:\Users\Ranto Liantsoa\.npmrc Completed in 0ms
12 timing config:load:user Completed in 0ms
13 timing config:load:file:C:\Users\Ranto Liantsoa\AppData\Roaming\npm\etc\npmrc Completed in 1ms
14 timing config:load:global Completed in 1ms
15 timing config:load:setEnvs Completed in 1ms
16 timing config:load Completed in 14ms
17 timing npm:load:configload Completed in 14ms
18 timing config:load:flatten Completed in 2ms
19 timing npm:load:mkdirpcache Completed in 0ms
20 timing npm:load:mkdirplogs Completed in 0ms
21 verbose title npm start
22 verbose argv "start"
23 timing npm:load:setTitle Completed in 1ms
24 timing npm:load:display Completed in 0ms
25 verbose logfile logs-max:10 dir:C:\Users\Ranto Liantsoa\Documents\GitHub\Back_office\Vehicule_back_office\clean\_logs\2024-01-29T15_29_48_880Z-
26 verbose logfile C:\Users\Ranto Liantsoa\Documents\GitHub\Back_office\Vehicule_back_office\clean\_logs\2024-01-29T15_29_48_880Z-debug-0.log
27 timing npm:load:logFile Completed in 9ms
28 timing npm:load:timers Completed in 0ms
29 timing npm:load:configScope Completed in 0ms
30 timing npm:load Completed in 48ms
31 silly logfile done cleaning log files
32 http fetch GET 200 https://registry.npmjs.org/npm 2936ms (cache miss)
33 http fetch GET 200 https://registry.npmjs.org/npm 3155ms (cache miss)
34 timing command:run-script Completed in 316213ms
35 timing command:start Completed in 316221ms
36 notice
36 notice New [33mminor[39m version of npm available! [31m10.2.3[39m -> [32m10.4.0[39m
36 notice Changelog: [36mhttps://github.com/npm/cli/releases/tag/v10.4.0[39m
36 notice Run [32mnpm install -g npm@10.4.0[39m to update!
36 notice
37 verbose exit 3221225786
38 timing npm Completed in 316339ms
39 verbose code 3221225786
